<?xml version="1.0" encoding="UTF-8"?>
<!-- Generated by org.testng.reporters.JUnitReportReporter -->
<testsuite skipped="0" hostname="WZH" name="text1" tests="3" failures="0" timestamp="2018-12-25T10:18:07 CST" time="0.010" errors="0">
  <testcase name="CodeText" time="0.000" classname="text1"/>
  <testcase name="CodeText" time="0.010" classname="text1"/>
  <testcase name="CodeText" time="0.000" classname="text1"/>
</testsuite> <!-- text1 -->
